<?xml version="1.0" encoding="UTF-8"?>
<!-- Generated by org.testng.reporters.JUnitXMLReporter -->
<testsuite ignored="0" hostname="LTIN236292" failures="0" tests="3" name="Default test" time="91.836" errors="0" timestamp="2022-01-21T19:07:17 IST">
  <testcase classname="testcases.MainPage" name="GetcourseDetails" time="23.787"/>
  <testcase classname="testcases.MainPage" name="Extract" time="9.582"/>
  <testcase classname="testcases.MainPage" name="formFilling" time="45.72"/>
</testsuite> <!-- Default test -->
