<?xml version="1.0" encoding="UTF-8"?>
<!-- Generated by org.testng.reporters.JUnitXMLReporter -->
<testsuite ignored="0" hostname="LTIN236292" failures="0" tests="6" name="Test" time="175.775" errors="0" timestamp="2022-01-30T12:41:53 IST">
  <testcase classname="testcases.Main" name="LogIn" time="10.298"/>
  <testcase classname="testcases.Main" name="fetchUserName" time="17.716"/>
  <testcase classname="testcases.Main" name="price" time="7.784"/>
  <testcase classname="testcases.Main" name="Myapp" time="6.66"/>
  <testcase classname="testcases.Main" name="office" time="1.97"/>
  <testcase classname="testcases.Main" name="company" time="112.52"/>
</testsuite> <!-- Test -->
