<?xml version="1.0" encoding="UTF-8"?>
<testng-results ignored="0" total="3" passed="3" failed="0" skipped="0">
  <reporter-output>
  </reporter-output>
  <suite started-at="2022-01-21T19:05:45 IST" name="Default suite" finished-at="2022-01-21T19:07:17 IST" duration-ms="91836">
    <groups>
    </groups>
    <test started-at="2022-01-21T19:05:45 IST" name="Default test" finished-at="2022-01-21T19:07:17 IST" duration-ms="91836">
      <class name="testcases.MainPage">
        <test-method is-config="true" signature="browserlaunch()[pri:0, instance:testcases.MainPage@28f3b248]" started-at="2022-01-21T19:05:45 IST" name="browserlaunch" finished-at="2022-01-21T19:05:56 IST" duration-ms="11287" status="PASS">
          <reporter-output>
          </reporter-output>
        </test-method> <!-- browserlaunch -->
        <test-method signature="GetcourseDetails()[pri:0, instance:testcases.MainPage@28f3b248]" started-at="2022-01-21T19:05:56 IST" name="GetcourseDetails" finished-at="2022-01-21T19:06:20 IST" duration-ms="23787" status="PASS">
          <reporter-output>
          </reporter-output>
        </test-method> <!-- GetcourseDetails -->
        <test-method signature="Extract()[pri:1, instance:testcases.MainPage@28f3b248]" started-at="2022-01-21T19:06:20 IST" name="Extract" finished-at="2022-01-21T19:06:30 IST" duration-ms="9582" status="PASS">
          <reporter-output>
          </reporter-output>
        </test-method> <!-- Extract -->
        <test-method signature="formFilling()[pri:2, instance:testcases.MainPage@28f3b248]" started-at="2022-01-21T19:06:30 IST" name="formFilling" finished-at="2022-01-21T19:07:15 IST" duration-ms="45720" status="PASS">
          <reporter-output>
          </reporter-output>
        </test-method> <!-- formFilling -->
        <test-method is-config="true" signature="closingbrowser()[pri:0, instance:testcases.MainPage@28f3b248]" started-at="2022-01-21T19:07:15 IST" name="closingbrowser" finished-at="2022-01-21T19:07:17 IST" duration-ms="1405" status="PASS">
          <reporter-output>
          </reporter-output>
        </test-method> <!-- closingbrowser -->
      </class> <!-- testcases.MainPage -->
    </test> <!-- Default test -->
  </suite> <!-- Default suite -->
</testng-results>
