<?xml version="1.0" encoding="UTF-8"?>
<!-- Generated by org.testng.reporters.JUnitXMLReporter -->
<testsuite ignored="0" hostname="LTIN236292" failures="0" tests="6" name="Default test" time="168.836" errors="0" timestamp="2022-01-30T21:57:37 IST">
  <testcase classname="testcases.Main" name="LogIn" time="10.181"/>
  <testcase classname="testcases.Main" name="fetchUserName" time="26.852"/>
  <testcase classname="testcases.Main" name="price" time="7.867"/>
  <testcase classname="testcases.Main" name="Myapp" time="5.489"/>
  <testcase classname="testcases.Main" name="office" time="1.225"/>
  <testcase classname="testcases.Main" name="company" time="101.343"/>
</testsuite> <!-- Default test -->
